<?xml version="1.0" encoding="UTF-8"?>
<robot generator="Robot 3.1.2 (Python 3.7.4 on win32)" generated="20190803 16:56:28.469" rpa="false">
<suite id="s1" name="Amazon" source="D:\Python Miki\RobotFramework\LyndaCourse\Tests\amazon.robot">
<test id="s1-t1" name="User can Search for Product">
<kw name="Begin Web Test" library="common" type="setup">
<kw name="Open Browser" library="SeleniumLibrary">
<doc>Opens a new browser instance to the given ``url``.</doc>
<arguments>
<arg>about:blank</arg>
<arg>${Browser}</arg>
</arguments>
<msg timestamp="20190803 16:56:29.063" level="INFO">Opening browser 'ff' to base url 'about:blank'.</msg>
<status status="PASS" starttime="20190803 16:56:29.063" endtime="20190803 16:56:47.437"></status>
</kw>
<status status="PASS" starttime="20190803 16:56:29.063" endtime="20190803 16:56:47.437"></status>
</kw>
<kw name="Search for product" library="Amazon">
<kw name="Load" library="LandingPage">
<kw name="Go To" library="SeleniumLibrary">
<doc>Navigates the active browser instance to the provided ``url``.</doc>
<arguments>
<arg>${Start_URL}</arg>
</arguments>
<msg timestamp="20190803 16:56:47.437" level="INFO">Opening url 'https:/www.amazon.com'</msg>
<status status="PASS" starttime="20190803 16:56:47.437" endtime="20190803 16:56:49.983"></status>
</kw>
<status status="PASS" starttime="20190803 16:56:47.437" endtime="20190803 16:56:49.983"></status>
</kw>
<kw name="Verify Page Loaded" library="LandingPage">
<kw name="Wait Until Page Contains" library="SeleniumLibrary">
<doc>Waits until ``text`` appears on current page.</doc>
<arguments>
<arg>Your Amazon.com</arg>
</arguments>
<status status="PASS" starttime="20190803 16:56:49.999" endtime="20190803 16:56:50.139"></status>
</kw>
<status status="PASS" starttime="20190803 16:56:49.983" endtime="20190803 16:56:50.139"></status>
</kw>
<kw name="Search For Product" library="SearchBar">
<kw name="Input Text" library="SeleniumLibrary">
<doc>Types the given ``text`` into text field identified by ``locator``.</doc>
<arguments>
<arg>id=twotabsearchtextbox</arg>
<arg>${Search_Term}</arg>
</arguments>
<msg timestamp="20190803 16:56:50.139" level="INFO">Typing text 'Ferrari 458' into text field 'id=twotabsearchtextbox'.</msg>
<status status="PASS" starttime="20190803 16:56:50.139" endtime="20190803 16:56:50.764"></status>
</kw>
<kw name="Click Button" library="SeleniumLibrary">
<doc>Clicks button identified by ``locator``.</doc>
<arguments>
<arg>xpath=//div[@class='nav-search-submit nav-sprite']//input[@class='nav-input']</arg>
</arguments>
<msg timestamp="20190803 16:56:50.764" level="INFO">Clicking button 'xpath=//div[@class='nav-search-submit nav-sprite']//input[@class='nav-input']'.</msg>
<status status="PASS" starttime="20190803 16:56:50.764" endtime="20190803 16:56:53.577"></status>
</kw>
<status status="PASS" starttime="20190803 16:56:50.139" endtime="20190803 16:56:53.577"></status>
</kw>
<kw name="Verify Products Page Loaded" library="SearchPage">
<kw name="Wait Until Page Contains" library="SeleniumLibrary">
<doc>Waits until ``text`` appears on current page.</doc>
<arguments>
<arg>results for "Ferrari 458"</arg>
</arguments>
<status status="PASS" starttime="20190803 16:56:53.577" endtime="20190803 16:56:53.655"></status>
</kw>
<status status="PASS" starttime="20190803 16:56:53.577" endtime="20190803 16:56:53.655"></status>
</kw>
<status status="PASS" starttime="20190803 16:56:47.437" endtime="20190803 16:56:53.655"></status>
</kw>
<kw name="End Web Test" library="common" type="teardown">
<kw name="Close Browser" library="SeleniumLibrary">
<doc>Closes the current browser.</doc>
<status status="PASS" starttime="20190803 16:56:53.655" endtime="20190803 16:57:00.514"></status>
</kw>
<status status="PASS" starttime="20190803 16:56:53.655" endtime="20190803 16:57:00.514"></status>
</kw>
<doc>Blah Blah</doc>
<tags>
<tag>Current</tag>
</tags>
<status status="PASS" starttime="20190803 16:56:29.063" endtime="20190803 16:57:00.514" critical="yes"></status>
</test>
<doc>This is some basic info about the whole suite</doc>
<status status="PASS" starttime="20190803 16:56:28.469" endtime="20190803 16:57:00.514"></status>
</suite>
<statistics>
<total>
<stat pass="1" fail="0">Critical Tests</stat>
<stat pass="1" fail="0">All Tests</stat>
</total>
<tag>
<stat pass="1" fail="0">Current</stat>
</tag>
<suite>
<stat pass="1" fail="0" id="s1" name="Amazon">Amazon</stat>
</suite>
</statistics>
<errors>
</errors>
</robot>
