<?xml version="1.0" encoding="UTF-8"?>
<robot generator="Robot 3.1.2 (Python 3.7.4 on win32)" generated="20190803 21:47:03.770" rpa="false">
<suite id="s1" name="TestPart1" source="D:\Python Miki\RobotFramework\LyndaCourse\Tests\TestPart1.robot">
<test id="s1-t1" name="Team Page Should match requirements">
<kw name="Begin Web Test" library="common" type="setup">
<kw name="Open Browser" library="SeleniumLibrary">
<doc>Opens a new browser instance to the given ``url``.</doc>
<arguments>
<arg>about:blank</arg>
<arg>${Browser}</arg>
</arguments>
<msg timestamp="20190803 21:47:04.223" level="INFO">Opening browser 'ff' to base url 'about:blank'.</msg>
<status status="PASS" starttime="20190803 21:47:04.223" endtime="20190803 21:47:11.816"></status>
</kw>
<status status="PASS" starttime="20190803 21:47:04.223" endtime="20190803 21:47:11.816"></status>
</kw>
<kw name="Load MainPage" library="RobotFramework">
<kw name="Load MainPage" library="RobotFrameworkMainPage">
<kw name="Go To" library="SeleniumLibrary">
<doc>Navigates the active browser instance to the provided ``url``.</doc>
<arguments>
<arg>${Start_URL}</arg>
</arguments>
<msg timestamp="20190803 21:47:11.816" level="INFO">Opening url 'https:/www.robotframeworktutorial.com/front-office'</msg>
<status status="PASS" starttime="20190803 21:47:11.816" endtime="20190803 21:47:15.563"></status>
</kw>
<kw name="Wait Until Page Contains" library="SeleniumLibrary">
<doc>Waits until ``text`` appears on current page.</doc>
<arguments>
<arg>${MainPage_Header}</arg>
</arguments>
<status status="PASS" starttime="20190803 21:47:15.563" endtime="20190803 21:47:15.583"></status>
</kw>
<status status="PASS" starttime="20190803 21:47:11.816" endtime="20190803 21:47:15.583"></status>
</kw>
<status status="PASS" starttime="20190803 21:47:11.816" endtime="20190803 21:47:15.583"></status>
</kw>
<kw name="Navigate To TeamPage" library="RobotFramework">
<kw name="Navigate To Team Page" library="RobotFrameworkMainPage">
<kw name="Click Element" library="SeleniumLibrary">
<doc>Click element identified by ``locator``.</doc>
<arguments>
<arg>${TeamButton}</arg>
</arguments>
<msg timestamp="20190803 21:47:15.585" level="INFO">Clicking element 'xpath = //a[contains(text(),'Team')]'.</msg>
<status status="PASS" starttime="20190803 21:47:15.585" endtime="20190803 21:47:15.833"></status>
</kw>
<status status="PASS" starttime="20190803 21:47:15.584" endtime="20190803 21:47:15.833"></status>
</kw>
<kw name="Verify Team Page Loaded" library="TeamPage">
<kw name="Set Selenium Implicit Wait" library="SeleniumLibrary">
<doc>Sets the implicit wait value used by Selenium.</doc>
<arguments>
<arg>2</arg>
</arguments>
<status status="PASS" starttime="20190803 21:47:15.834" endtime="20190803 21:47:15.837"></status>
</kw>
<kw name="Wait Until Page Contains" library="SeleniumLibrary">
<doc>Waits until ``text`` appears on current page.</doc>
<arguments>
<arg>${TeamPage_Text}</arg>
</arguments>
<status status="PASS" starttime="20190803 21:47:15.838" endtime="20190803 21:47:15.856"></status>
</kw>
<status status="PASS" starttime="20190803 21:47:15.833" endtime="20190803 21:47:15.857"></status>
</kw>
<status status="PASS" starttime="20190803 21:47:15.584" endtime="20190803 21:47:15.857"></status>
</kw>
<kw name="Verify TeamPage Header Match Requrements" library="RobotFramework">
<kw name="Verify Header Match Requrements" library="TeamPage">
<kw name="Element Text Should Be" library="SeleniumLibrary">
<doc>Verifies that element ``locator`` contains exact text ``expected``.</doc>
<arguments>
<arg>${TeamPage_Header_Locator}</arg>
<arg>${TeamPage_Header_Value}</arg>
</arguments>
<msg timestamp="20190803 21:47:15.863" level="INFO">Verifying element 'xpath = /html[1]/body[1]/section[4]/div[1]/div[1]/div[1]/h2[1]' contains exact text 'OUR AMAZING TEAM'.</msg>
<status status="PASS" starttime="20190803 21:47:15.862" endtime="20190803 21:47:15.904"></status>
</kw>
<status status="PASS" starttime="20190803 21:47:15.859" endtime="20190803 21:47:15.905"></status>
</kw>
<status status="PASS" starttime="20190803 21:47:15.858" endtime="20190803 21:47:15.905"></status>
</kw>
<kw name="End Web Test" library="common" type="teardown">
<kw name="Close Browser" library="SeleniumLibrary">
<doc>Closes the current browser.</doc>
<status status="PASS" starttime="20190803 21:47:15.907" endtime="20190803 21:47:20.613"></status>
</kw>
<status status="PASS" starttime="20190803 21:47:15.906" endtime="20190803 21:47:20.613"></status>
</kw>
<doc>Second User Story</doc>
<tags>
<tag>Second</tag>
</tags>
<status status="PASS" starttime="20190803 21:47:04.207" endtime="20190803 21:47:20.613" critical="yes"></status>
</test>
<doc>First Task on RobotFramework1 Course</doc>
<status status="PASS" starttime="20190803 21:47:03.770" endtime="20190803 21:47:20.629"></status>
</suite>
<statistics>
<total>
<stat pass="1" fail="0">Critical Tests</stat>
<stat pass="1" fail="0">All Tests</stat>
</total>
<tag>
<stat pass="1" fail="0">Second</stat>
</tag>
<suite>
<stat pass="1" fail="0" id="s1" name="TestPart1">TestPart1</stat>
</suite>
</statistics>
<errors>
</errors>
</robot>
